{
  "stats": {
    "suites": 2,
    "tests": 2,
    "passes": 2,
    "pending": 0,
    "failures": 0,
    "start": "2022-03-06T11:25:18.662Z",
    "end": "2022-03-06T11:25:19.390Z",
    "duration": 728,
    "testsRegistered": 2,
    "passPercent": 100,
    "pendingPercent": 0,
    "other": 0,
    "hasOther": false,
    "skipped": 0,
    "hasSkipped": false
  },
  "results": [
    {
      "uuid": "f532dd4a-e667-4967-a228-f8eab7fabe19",
      "title": "",
      "fullFile": "cypress/integration/rateMovie.spec.js",
      "file": "cypress/integration/rateMovie.spec.js",
      "beforeHooks": [],
      "afterHooks": [],
      "tests": [],
      "suites": [
        {
          "uuid": "fb8eedf0-8ccd-4b22-8b58-8b5f05b9441a",
          "title": "Rate Movies API",
          "fullFile": "",
          "file": "",
          "beforeHooks": [],
          "afterHooks": [],
          "tests": [],
          "suites": [
            {
              "uuid": "fea5644f-2bee-4381-98aa-b6e501c06236",
              "title": "POST Movie Rate",
              "fullFile": "",
              "file": "",
              "beforeHooks": [],
              "afterHooks": [],
              "tests": [
                {
                  "title": "should post movie rated by user",
                  "fullTitle": "Rate Movies API POST Movie Rate should post movie rated by user",
                  "timedOut": null,
                  "duration": 448,
                  "state": "passed",
                  "speed": "fast",
                  "pass": true,
                  "fail": false,
                  "pending": false,
                  "context": null,
                  "code": "cy.request({\n  method: 'POST',\n  url: '/19404/rating',\n  qs: {\n    api_key: apiKey,\n    guest_session_id: gSessionId\n  },\n  body: {\n    \"value\": myRating\n  },\n  failOnStatusCode: false\n}).should(response => {\n  cy.log(JSON.stringify(response.body));\n  expect(response.status).to.eq(201);\n});",
                  "err": {},
                  "uuid": "ea2a3f6d-ff0a-4021-9633-ccdca73622cb",
                  "parentUUID": "fea5644f-2bee-4381-98aa-b6e501c06236",
                  "isHook": false,
                  "skipped": false
                },
                {
                  "title": "should POST a request with invalid Guest Session ID & get 401 response code",
                  "fullTitle": "Rate Movies API POST Movie Rate should POST a request with invalid Guest Session ID & get 401 response code",
                  "timedOut": null,
                  "duration": 227,
                  "state": "passed",
                  "speed": "fast",
                  "pass": true,
                  "fail": false,
                  "pending": false,
                  "context": null,
                  "code": "cy.request({\n  method: 'POST',\n  url: '/19404/rating',\n  qs: {\n    api_key: 'f5baf554391d87da735f470de5a00b2',\n    guest_session_id: gSessionId\n  },\n  body: {\n    \"value\": myRating\n  },\n  failOnStatusCode: false\n}).should(response => {\n  cy.log(JSON.stringify(response.body));\n  expect(response.status).to.eq(401);\n});",
                  "err": {},
                  "uuid": "aaadc0a6-eade-4934-b09f-8736b42e5850",
                  "parentUUID": "fea5644f-2bee-4381-98aa-b6e501c06236",
                  "isHook": false,
                  "skipped": false
                }
              ],
              "suites": [],
              "passes": [
                "ea2a3f6d-ff0a-4021-9633-ccdca73622cb",
                "aaadc0a6-eade-4934-b09f-8736b42e5850"
              ],
              "failures": [],
              "pending": [],
              "skipped": [],
              "duration": 675,
              "root": false,
              "rootEmpty": false,
              "_timeout": 2000
            }
          ],
          "passes": [],
          "failures": [],
          "pending": [],
          "skipped": [],
          "duration": 0,
          "root": false,
          "rootEmpty": false,
          "_timeout": 2000
        }
      ],
      "passes": [],
      "failures": [],
      "pending": [],
      "skipped": [],
      "duration": 0,
      "root": true,
      "rootEmpty": true,
      "_timeout": 2000
    }
  ],
  "meta": {
    "mocha": {
      "version": "7.0.1"
    },
    "mochawesome": {
      "options": {
        "quiet": false,
        "reportFilename": "mochawesome",
        "saveHtml": false,
        "saveJson": true,
        "consoleReporter": "spec",
        "useInlineDiffs": false,
        "code": true
      },
      "version": "7.1.2"
    },
    "marge": {
      "options": {
        "overwrite": false,
        "html": false,
        "json": true
      },
      "version": "6.1.1"
    }
  }
}